<?xml version="1.0" encoding="UTF-8"?>
<!-- Generated by org.testng.reporters.JUnitXMLReporter -->
<testsuite hostname="DESKTOP-KUVK3PK" ignored="4" name="WebAppTest" tests="2" failures="0" timestamp="2023-03-06T07:41:51 IST" time="105.622" errors="0">
  <testcase name="login" time="32.609" classname="demoBlazeTest.BlazeWebApp"/>
  <testcase name="addItemtoCart" time="10.932" classname="demoBlazeTest.BlazeWebApp"/>
  <testcase name="multipleItemstoCart" time="0.0" classname="demoBlazeTest.BlazeWebApp">
    <ignored/>
  </testcase> <!-- multipleItemstoCart -->
  <testcase name="placeOrder" time="0.0" classname="demoBlazeTest.BlazeWebApp">
    <ignored/>
  </testcase> <!-- placeOrder -->
  <testcase name="invalidLogin" time="0.0" classname="demoBlazeTest.BlazeWebApp">
    <ignored/>
  </testcase> <!-- invalidLogin -->
  <testcase name="delItem" time="0.0" classname="demoBlazeTest.BlazeWebApp">
    <ignored/>
  </testcase> <!-- delItem -->
</testsuite> <!-- WebAppTest -->
