<?xml version="1.0" encoding="UTF-8"?>
<testng-results skipped="0" failed="1" ignored="0" total="9" passed="8">
  <reporter-output>
  </reporter-output>
  <suite name="Default suite" duration-ms="151501" started-at="2023-03-06T21:56:29 IST" finished-at="2023-03-06T21:59:00 IST">
    <groups>
      <group name="featureOne">
        <method signature="BlazeWebApp.login()[pri:2, instance:demoBlazeTest.BlazeWebApp@543e710e]" name="login" class="demoBlazeTest.BlazeWebApp"/>
        <method signature="BlazeWebApp.addItemtoCart(java.lang.String,java.lang.String)[pri:3, instance:demoBlazeTest.BlazeWebApp@543e710e]" name="addItemtoCart" class="demoBlazeTest.BlazeWebApp"/>
        <method signature="BlazeWebApp.placeOrder()[pri:5, instance:demoBlazeTest.BlazeWebApp@543e710e]" name="placeOrder" class="demoBlazeTest.BlazeWebApp"/>
      </group> <!-- featureOne -->
    </groups>
    <test name="Default test" duration-ms="151501" started-at="2023-03-06T21:56:29 IST" finished-at="2023-03-06T21:59:00 IST">
      <class name="demoBlazeTest.BlazeWebApp">
        <test-method status="PASS" signature="extentSetup()[pri:0, instance:demoBlazeTest.BlazeWebApp@543e710e]" name="extentSetup" is-config="true" duration-ms="960" started-at="2023-03-06T21:56:29 IST" finished-at="2023-03-06T21:56:30 IST">
          <reporter-output>
          </reporter-output>
        </test-method> <!-- extentSetup -->
        <test-method status="PASS" signature="setup()[pri:0, instance:demoBlazeTest.BlazeWebApp@543e710e]" name="setup" is-config="true" duration-ms="11420" started-at="2023-03-06T21:56:30 IST" finished-at="2023-03-06T21:56:41 IST">
          <reporter-output>
          </reporter-output>
        </test-method> <!-- setup -->
        <test-method status="FAIL" signature="invalidLogin()[pri:1, instance:demoBlazeTest.BlazeWebApp@543e710e]" name="invalidLogin" duration-ms="40659" started-at="2023-03-06T21:56:41 IST" finished-at="2023-03-06T21:57:22 IST">
          <exception class="org.openqa.selenium.NoSuchElementException">
            <message>
              <![CDATA[no such element: Unable to locate element: {"method":"xpath","selector":"//a[contains(text(),'Welcome')]"}
  (Session info: chrome=110.0.5481.178)
For documentation on this error, please visit: https://selenium.dev/exceptions/#no_such_element
Build info: version: '4.6.0', revision: '79f1c02ae20'
System info: os.name: 'Windows 10', os.arch: 'amd64', os.version: '10.0', java.version: '1.8.0_331'
Driver info: org.openqa.selenium.chrome.ChromeDriver
Command: [7d8f5b9d9277ea5afc7745d5cf592896, findElement {using=xpath, value=//a[contains(text(),'Welcome')]}]
Capabilities {acceptInsecureCerts: false, browserName: chrome, browserVersion: 110.0.5481.178, chrome: {chromedriverVersion: 110.0.5481.77 (65ed616c6e8e..., userDataDir: C:\Users\Dell\AppData\Local...}, goog:chromeOptions: {debuggerAddress: localhost:63825}, networkConnectionEnabled: false, pageLoadStrategy: normal, platformName: WINDOWS, proxy: Proxy(), se:cdp: ws://localhost:63825/devtoo..., se:cdpVersion: 110.0.5481.178, setWindowRect: true, strictFileInteractability: false, timeouts: {implicit: 0, pageLoad: 300000, script: 30000}, unhandledPromptBehavior: dismiss and notify, webauthn:extension:credBlob: true, webauthn:extension:largeBlob: true, webauthn:virtualAuthenticators: true}
Session ID: 7d8f5b9d9277ea5afc7745d5cf592896]]>
            </message>
            <full-stacktrace>
              <![CDATA[org.openqa.selenium.NoSuchElementException: no such element: Unable to locate element: {"method":"xpath","selector":"//a[contains(text(),'Welcome')]"}
  (Session info: chrome=110.0.5481.178)
For documentation on this error, please visit: https://selenium.dev/exceptions/#no_such_element
Build info: version: '4.6.0', revision: '79f1c02ae20'
System info: os.name: 'Windows 10', os.arch: 'amd64', os.version: '10.0', java.version: '1.8.0_331'
Driver info: org.openqa.selenium.chrome.ChromeDriver
Command: [7d8f5b9d9277ea5afc7745d5cf592896, findElement {using=xpath, value=//a[contains(text(),'Welcome')]}]
Capabilities {acceptInsecureCerts: false, browserName: chrome, browserVersion: 110.0.5481.178, chrome: {chromedriverVersion: 110.0.5481.77 (65ed616c6e8e..., userDataDir: C:\Users\Dell\AppData\Local...}, goog:chromeOptions: {debuggerAddress: localhost:63825}, networkConnectionEnabled: false, pageLoadStrategy: normal, platformName: WINDOWS, proxy: Proxy(), se:cdp: ws://localhost:63825/devtoo..., se:cdpVersion: 110.0.5481.178, setWindowRect: true, strictFileInteractability: false, timeouts: {implicit: 0, pageLoad: 300000, script: 30000}, unhandledPromptBehavior: dismiss and notify, webauthn:extension:credBlob: true, webauthn:extension:largeBlob: true, webauthn:virtualAuthenticators: true}
Session ID: 7d8f5b9d9277ea5afc7745d5cf592896
at sun.reflect.NativeConstructorAccessorImpl.newInstance0(Native Method)
at sun.reflect.NativeConstructorAccessorImpl.newInstance(NativeConstructorAccessorImpl.java:62)
at sun.reflect.DelegatingConstructorAccessorImpl.newInstance(DelegatingConstructorAccessorImpl.java:45)
at java.lang.reflect.Constructor.newInstance(Constructor.java:423)
at org.openqa.selenium.remote.codec.w3c.W3CHttpResponseCodec.createException(W3CHttpResponseCodec.java:200)
at org.openqa.selenium.remote.codec.w3c.W3CHttpResponseCodec.decode(W3CHttpResponseCodec.java:133)
at org.openqa.selenium.remote.codec.w3c.W3CHttpResponseCodec.decode(W3CHttpResponseCodec.java:53)
at org.openqa.selenium.remote.HttpCommandExecutor.execute(HttpCommandExecutor.java:184)
at org.openqa.selenium.remote.service.DriverCommandExecutor.invokeExecute(DriverCommandExecutor.java:167)
at org.openqa.selenium.remote.service.DriverCommandExecutor.execute(DriverCommandExecutor.java:142)
at org.openqa.selenium.remote.RemoteWebDriver.execute(RemoteWebDriver.java:541)
at org.openqa.selenium.remote.ElementLocation$ElementFinder$2.findElement(ElementLocation.java:162)
at org.openqa.selenium.remote.ElementLocation.findElement(ElementLocation.java:60)
at org.openqa.selenium.remote.RemoteWebDriver.findElement(RemoteWebDriver.java:365)
at org.openqa.selenium.remote.RemoteWebDriver.findElement(RemoteWebDriver.java:357)
at demoBlazeTest.BlazeWebApp.invalidLogin(BlazeWebApp.java:87)
at sun.reflect.NativeMethodAccessorImpl.invoke0(Native Method)
at sun.reflect.NativeMethodAccessorImpl.invoke(NativeMethodAccessorImpl.java:62)
at sun.reflect.DelegatingMethodAccessorImpl.invoke(DelegatingMethodAccessorImpl.java:43)
at java.lang.reflect.Method.invoke(Method.java:498)
at org.testng.internal.invokers.MethodInvocationHelper.invokeMethod(MethodInvocationHelper.java:135)
at org.testng.internal.invokers.TestInvoker.invokeMethod(TestInvoker.java:673)
at org.testng.internal.invokers.TestInvoker.invokeTestMethod(TestInvoker.java:220)
at org.testng.internal.invokers.MethodRunner.runInSequence(MethodRunner.java:50)
at org.testng.internal.invokers.TestInvoker$MethodInvocationAgent.invoke(TestInvoker.java:945)
at org.testng.internal.invokers.TestInvoker.invokeTestMethods(TestInvoker.java:193)
at org.testng.internal.invokers.TestMethodWorker.invokeTestMethods(TestMethodWorker.java:146)
at org.testng.internal.invokers.TestMethodWorker.run(TestMethodWorker.java:128)
at java.util.ArrayList.forEach(ArrayList.java:1259)
at org.testng.TestRunner.privateRun(TestRunner.java:808)
at org.testng.TestRunner.run(TestRunner.java:603)
at org.testng.SuiteRunner.runTest(SuiteRunner.java:429)
at org.testng.SuiteRunner.runSequentially(SuiteRunner.java:423)
at org.testng.SuiteRunner.privateRun(SuiteRunner.java:383)
at org.testng.SuiteRunner.run(SuiteRunner.java:326)
at org.testng.SuiteRunnerWorker.runSuite(SuiteRunnerWorker.java:52)
at org.testng.SuiteRunnerWorker.run(SuiteRunnerWorker.java:95)
at org.testng.TestNG.runSuitesSequentially(TestNG.java:1249)
at org.testng.TestNG.runSuitesLocally(TestNG.java:1169)
at org.testng.TestNG.runSuites(TestNG.java:1092)
at org.testng.TestNG.run(TestNG.java:1060)
at org.testng.remote.AbstractRemoteTestNG.run(AbstractRemoteTestNG.java:115)
at org.testng.remote.RemoteTestNG.initAndRun(RemoteTestNG.java:251)
at org.testng.remote.RemoteTestNG.main(RemoteTestNG.java:77)
]]>
            </full-stacktrace>
          </exception> <!-- org.openqa.selenium.NoSuchElementException -->
          <reporter-output>
          </reporter-output>
        </test-method> <!-- invalidLogin -->
        <test-method status="PASS" signature="failure(org.testng.ITestResult)[pri:0, instance:demoBlazeTest.BlazeWebApp@543e710e]" name="failure" is-config="true" duration-ms="960" started-at="2023-03-06T21:57:22 IST" finished-at="2023-03-06T21:57:23 IST">
          <params>
            <param index="0">
              <value>
                <![CDATA[[TestResult name=invalidLogin status=FAILURE method=BlazeWebApp.invalidLogin()[pri:1, instance:demoBlazeTest.BlazeWebApp@543e710e] output={null}]]]>
              </value>
            </param>
          </params>
          <reporter-output>
          </reporter-output>
        </test-method> <!-- failure -->
        <test-method status="PASS" signature="login()[pri:2, instance:demoBlazeTest.BlazeWebApp@543e710e]" name="login" duration-ms="11787" started-at="2023-03-06T21:57:23 IST" finished-at="2023-03-06T21:57:35 IST">
          <reporter-output>
          </reporter-output>
        </test-method> <!-- login -->
        <test-method status="PASS" signature="failure(org.testng.ITestResult)[pri:0, instance:demoBlazeTest.BlazeWebApp@543e710e]" name="failure" is-config="true" duration-ms="2" started-at="2023-03-06T21:57:35 IST" finished-at="2023-03-06T21:57:35 IST">
          <params>
            <param index="0">
              <value>
                <![CDATA[[TestResult name=login status=SUCCESS method=BlazeWebApp.login()[pri:2, instance:demoBlazeTest.BlazeWebApp@543e710e] output={null}]]]>
              </value>
            </param>
          </params>
          <reporter-output>
          </reporter-output>
        </test-method> <!-- failure -->
        <test-method status="PASS" signature="addItemtoCart(java.lang.String,java.lang.String)[pri:3, instance:demoBlazeTest.BlazeWebApp@543e710e]" name="addItemtoCart" duration-ms="12394" started-at="2023-03-06T21:57:35 IST" data-provider="items" finished-at="2023-03-06T21:57:48 IST">
          <params>
            <param index="0">
              <value>
                <![CDATA[Phone]]>
              </value>
            </param>
            <param index="1">
              <value>
                <![CDATA[Samsung galaxy s6]]>
              </value>
            </param>
          </params>
          <reporter-output>
          </reporter-output>
        </test-method> <!-- addItemtoCart -->
        <test-method status="PASS" signature="failure(org.testng.ITestResult)[pri:0, instance:demoBlazeTest.BlazeWebApp@543e710e]" name="failure" is-config="true" duration-ms="15" started-at="2023-03-06T21:57:48 IST" finished-at="2023-03-06T21:57:48 IST">
          <params>
            <param index="0">
              <value>
                <![CDATA[[TestResult name=addItemtoCart status=SUCCESS method=BlazeWebApp.addItemtoCart(java.lang.String,java.lang.String)[pri:3, instance:demoBlazeTest.BlazeWebApp@543e710e] output={null}]]]>
              </value>
            </param>
          </params>
          <reporter-output>
          </reporter-output>
        </test-method> <!-- failure -->
        <test-method status="PASS" signature="addItemtoCart(java.lang.String,java.lang.String)[pri:3, instance:demoBlazeTest.BlazeWebApp@543e710e]" name="addItemtoCart" duration-ms="12624" started-at="2023-03-06T21:57:48 IST" data-provider="items" finished-at="2023-03-06T21:58:00 IST">
          <params>
            <param index="0">
              <value>
                <![CDATA[Phone]]>
              </value>
            </param>
            <param index="1">
              <value>
                <![CDATA[Nokia lumia 1520]]>
              </value>
            </param>
          </params>
          <reporter-output>
          </reporter-output>
        </test-method> <!-- addItemtoCart -->
        <test-method status="PASS" signature="failure(org.testng.ITestResult)[pri:0, instance:demoBlazeTest.BlazeWebApp@543e710e]" name="failure" is-config="true" duration-ms="4" started-at="2023-03-06T21:58:00 IST" finished-at="2023-03-06T21:58:00 IST">
          <params>
            <param index="0">
              <value>
                <![CDATA[[TestResult name=addItemtoCart status=SUCCESS method=BlazeWebApp.addItemtoCart(java.lang.String,java.lang.String)[pri:3, instance:demoBlazeTest.BlazeWebApp@543e710e] output={null}]]]>
              </value>
            </param>
          </params>
          <reporter-output>
          </reporter-output>
        </test-method> <!-- failure -->
        <test-method status="PASS" signature="addItemtoCart(java.lang.String,java.lang.String)[pri:3, instance:demoBlazeTest.BlazeWebApp@543e710e]" name="addItemtoCart" duration-ms="12366" started-at="2023-03-06T21:58:00 IST" data-provider="items" finished-at="2023-03-06T21:58:13 IST">
          <params>
            <param index="0">
              <value>
                <![CDATA[Phone]]>
              </value>
            </param>
            <param index="1">
              <value>
                <![CDATA[Nexus 6]]>
              </value>
            </param>
          </params>
          <reporter-output>
          </reporter-output>
        </test-method> <!-- addItemtoCart -->
        <test-method status="PASS" signature="failure(org.testng.ITestResult)[pri:0, instance:demoBlazeTest.BlazeWebApp@543e710e]" name="failure" is-config="true" duration-ms="3" started-at="2023-03-06T21:58:13 IST" finished-at="2023-03-06T21:58:13 IST">
          <params>
            <param index="0">
              <value>
                <![CDATA[[TestResult name=addItemtoCart status=SUCCESS method=BlazeWebApp.addItemtoCart(java.lang.String,java.lang.String)[pri:3, instance:demoBlazeTest.BlazeWebApp@543e710e] output={null}]]]>
              </value>
            </param>
          </params>
          <reporter-output>
          </reporter-output>
        </test-method> <!-- failure -->
        <test-method status="PASS" signature="addItemtoCart(java.lang.String,java.lang.String)[pri:3, instance:demoBlazeTest.BlazeWebApp@543e710e]" name="addItemtoCart" duration-ms="13266" started-at="2023-03-06T21:58:13 IST" data-provider="items" finished-at="2023-03-06T21:58:26 IST">
          <params>
            <param index="0">
              <value>
                <![CDATA[Laptops]]>
              </value>
            </param>
            <param index="1">
              <value>
                <![CDATA[MacBook air]]>
              </value>
            </param>
          </params>
          <reporter-output>
          </reporter-output>
        </test-method> <!-- addItemtoCart -->
        <test-method status="PASS" signature="failure(org.testng.ITestResult)[pri:0, instance:demoBlazeTest.BlazeWebApp@543e710e]" name="failure" is-config="true" duration-ms="1" started-at="2023-03-06T21:58:26 IST" finished-at="2023-03-06T21:58:26 IST">
          <params>
            <param index="0">
              <value>
                <![CDATA[[TestResult name=addItemtoCart status=SUCCESS method=BlazeWebApp.addItemtoCart(java.lang.String,java.lang.String)[pri:3, instance:demoBlazeTest.BlazeWebApp@543e710e] output={null}]]]>
              </value>
            </param>
          </params>
          <reporter-output>
          </reporter-output>
        </test-method> <!-- failure -->
        <test-method status="PASS" signature="addItemtoCart(java.lang.String,java.lang.String)[pri:3, instance:demoBlazeTest.BlazeWebApp@543e710e]" name="addItemtoCart" duration-ms="13664" started-at="2023-03-06T21:58:26 IST" data-provider="items" finished-at="2023-03-06T21:58:39 IST">
          <params>
            <param index="0">
              <value>
                <![CDATA[Laptops]]>
              </value>
            </param>
            <param index="1">
              <value>
                <![CDATA[Sony vaio i7]]>
              </value>
            </param>
          </params>
          <reporter-output>
          </reporter-output>
        </test-method> <!-- addItemtoCart -->
        <test-method status="PASS" signature="failure(org.testng.ITestResult)[pri:0, instance:demoBlazeTest.BlazeWebApp@543e710e]" name="failure" is-config="true" duration-ms="1" started-at="2023-03-06T21:58:39 IST" finished-at="2023-03-06T21:58:39 IST">
          <params>
            <param index="0">
              <value>
                <![CDATA[[TestResult name=addItemtoCart status=SUCCESS method=BlazeWebApp.addItemtoCart(java.lang.String,java.lang.String)[pri:3, instance:demoBlazeTest.BlazeWebApp@543e710e] output={null}]]]>
              </value>
            </param>
          </params>
          <reporter-output>
          </reporter-output>
        </test-method> <!-- failure -->
        <test-method status="PASS" signature="delItem()[pri:4, instance:demoBlazeTest.BlazeWebApp@543e710e]" name="delItem" duration-ms="11745" started-at="2023-03-06T21:58:40 IST" depends-on-methods="demoBlazeTest.BlazeWebApp.addItemtoCart" finished-at="2023-03-06T21:58:51 IST">
          <reporter-output>
          </reporter-output>
        </test-method> <!-- delItem -->
        <test-method status="PASS" signature="failure(org.testng.ITestResult)[pri:0, instance:demoBlazeTest.BlazeWebApp@543e710e]" name="failure" is-config="true" duration-ms="1" started-at="2023-03-06T21:58:51 IST" finished-at="2023-03-06T21:58:51 IST">
          <params>
            <param index="0">
              <value>
                <![CDATA[[TestResult name=delItem status=SUCCESS method=BlazeWebApp.delItem()[pri:4, instance:demoBlazeTest.BlazeWebApp@543e710e] output={null}]]]>
              </value>
            </param>
          </params>
          <reporter-output>
          </reporter-output>
        </test-method> <!-- failure -->
        <test-method status="PASS" signature="placeOrder()[pri:5, instance:demoBlazeTest.BlazeWebApp@543e710e]" name="placeOrder" duration-ms="7530" started-at="2023-03-06T21:58:51 IST" finished-at="2023-03-06T21:58:59 IST">
          <reporter-output>
          </reporter-output>
        </test-method> <!-- placeOrder -->
        <test-method status="PASS" signature="failure(org.testng.ITestResult)[pri:0, instance:demoBlazeTest.BlazeWebApp@543e710e]" name="failure" is-config="true" duration-ms="1" started-at="2023-03-06T21:58:59 IST" finished-at="2023-03-06T21:58:59 IST">
          <params>
            <param index="0">
              <value>
                <![CDATA[[TestResult name=placeOrder status=SUCCESS method=BlazeWebApp.placeOrder()[pri:5, instance:demoBlazeTest.BlazeWebApp@543e710e] output={null}]]]>
              </value>
            </param>
          </params>
          <reporter-output>
          </reporter-output>
        </test-method> <!-- failure -->
        <test-method status="PASS" signature="extentfinishUp()[pri:0, instance:demoBlazeTest.BlazeWebApp@543e710e]" name="extentfinishUp" is-config="true" duration-ms="1632" started-at="2023-03-06T21:58:59 IST" finished-at="2023-03-06T21:59:00 IST">
          <reporter-output>
          </reporter-output>
        </test-method> <!-- extentfinishUp -->
      </class> <!-- demoBlazeTest.BlazeWebApp -->
    </test> <!-- Default test -->
  </suite> <!-- Default suite -->
</testng-results>
